<?xml version="1.0" encoding="UTF-8"?>
<testng-results ignored="0" total="1" passed="1" failed="0" skipped="0">
  <reporter-output>
  </reporter-output>
  <suite started-at="2024-02-28T14:36:44 IST" name="Suite" finished-at="2024-02-28T14:36:55 IST" duration-ms="11397">
    <groups>
    </groups>
    <test started-at="2024-02-28T14:36:44 IST" name="Test" finished-at="2024-02-28T14:36:55 IST" duration-ms="11397">
      <class name="QA.DataDriven.ReadExcel">
        <test-method signature="fbLogin()[pri:0, instance:QA.DataDriven.ReadExcel@67080771]" started-at="2024-02-28T14:36:44 IST" name="fbLogin" finished-at="2024-02-28T14:36:55 IST" duration-ms="11270" status="PASS">
          <reporter-output>
          </reporter-output>
        </test-method> <!-- fbLogin -->
      </class> <!-- QA.DataDriven.ReadExcel -->
    </test> <!-- Test -->
  </suite> <!-- Suite -->
</testng-results>
