<?xml version="1.0" encoding="UTF-8"?>
<testng-results ignored="0" total="1" passed="1" failed="0" skipped="0">
  <reporter-output>
  </reporter-output>
  <suite started-at="2024-02-27T14:04:26 IST" name="Default suite" finished-at="2024-02-27T14:04:38 IST" duration-ms="12188">
    <groups>
    </groups>
    <test started-at="2024-02-27T14:04:26 IST" name="Default test" finished-at="2024-02-27T14:04:38 IST" duration-ms="12188">
      <class name="QA.DataDriven.WriteExcel">
        <test-method signature="fbLogin()[pri:0, instance:QA.DataDriven.WriteExcel@437da279]" started-at="2024-02-27T14:04:26 IST" name="fbLogin" finished-at="2024-02-27T14:04:38 IST" duration-ms="11881" status="PASS">
          <reporter-output>
          </reporter-output>
        </test-method> <!-- fbLogin -->
      </class> <!-- QA.DataDriven.WriteExcel -->
    </test> <!-- Default test -->
  </suite> <!-- Default suite -->
</testng-results>
